Removed Member From Class: ClassName=MIPI Member=MIPI_CLKN
Removed Member From Class: ClassName=MIPI Member=MIPI_CLKP
Removed Member From Class: ClassName=USB Member=USB2_DATA_M
Removed Member From Class: ClassName=USB Member=USB_SSRX_M
Removed Member From Class: ClassName=USB Member=USB_SSTX_M
Added Pin To Net: NetName=MIPI_DAT0_P Pin=U1-J5
Change Net Name : Old Net Name=MIPI_CLKN New Net Name=MIPI_CLK_N
Change Net Name : Old Net Name=MIPI_CLKP New Net Name=MIPI_CLK_P
Change Net Name : Old Net Name=USB2_DATA_M New Net Name=USB2_DATA_N
Change Net Name : Old Net Name=USB_SSRX_M New Net Name=USB_SSRX_N
Change Net Name : Old Net Name=USB_SSTX_M New Net Name=USB_SSTX_N
Added Differential Pair: Name=MIPI_CLK
Added Differential Pair: Name=USB2_DATA
Added Differential Pair: Name=USB_SSRX
Added Differential Pair: Name=USB_SSTX
Added Member To Class: ClassName=MIPI Member=Wire MIPI_CLK_N
Added Member To Class: ClassName=MIPI Member=Wire MIPI_CLK_P
Added Member To Class: ClassName=USB Member=Wire USB2_DATA_N
Added Member To Class: ClassName=USB Member=Wire USB_SSRX_N
Added Member To Class: ClassName=USB Member=Wire USB_SSTX_N
