Added Component: Designator=C1(1608[0603])
Added Component: Designator=C2(1608[0603])
Added Component: Designator=C3(1608[0603])
Added Component: Designator=C4(1608[0603])
Added Component: Designator=C5(1608[0603])
Added Component: Designator=C6(1608[0603])
Added Component: Designator=C7(1608[0603])
Added Component: Designator=C8(1608[0603])
Added Component: Designator=C9(1608[0603])
Added Component: Designator=C10(1608[0603])
Added Component: Designator=C11(1608[0603])
Added Component: Designator=C12(1608[0603])
Added Component: Designator=C13(1608[0603])
Added Component: Designator=C14(1608[0603])
Added Component: Designator=C15(1608[0603])
Added Component: Designator=C16(1608[0603])
Added Component: Designator=C17(1608[0603])
Added Component: Designator=C18(1608[0603])
Added Component: Designator=C19(1608[0603])
Added Component: Designator=C20(1608[0603])
Added Component: Designator=C21(1608[0603])
Added Component: Designator=C22(1608[0603])
Added Component: Designator=C23(1608[0603])
Added Component: Designator=C24(1608[0603])
Added Component: Designator=C25(1608[0603])
Added Component: Designator=C26(1608[0603])
Added Component: Designator=C27(1608[0603])
Added Component: Designator=C28(1608[0603])
Added Component: Designator=C29(1608[0603])
Added Component: Designator=C30(1608[0603])
Added Component: Designator=C31(1608[0603])
Added Component: Designator=C32(1608[0603])
Added Component: Designator=C33(1608[0603])
Added Component: Designator=C34(1608[0603])
Added Component: Designator=C35(1608[0603])
Added Component: Designator=C36(1608[0603])
Added Component: Designator=C37(1608[0603])
Added Component: Designator=C38(1608[0603])
Added Component: Designator=C39(1608[0603])
Added Component: Designator=C40(1608[0603])
Added Component: Designator=C41(1608[0603])
Added Component: Designator=C42(1608[0603])
Added Component: Designator=C43(1608[0603])
Added Component: Designator=C44(1608[0603])
Added Component: Designator=C45(1608[0603])
Added Component: Designator=C46(1608[0603])
Added Component: Designator=C47(1608[0603])
Added Component: Designator=C48(1608[0603])
Added Component: Designator=C49(1608[0603])
Added Component: Designator=C50(1608[0603])
Added Component: Designator=C51(1608[0603])
Added Component: Designator=C52(1608[0603])
Added Component: Designator=C53(1608[0603])
Added Component: Designator=C54(1608[0603])
Added Component: Designator=C55(1608[0603])
Added Component: Designator=C56(1608[0603])
Added Component: Designator=CN1(USB3MicroB)
Added Component: Designator=CN2(KLD-0202)
Added Component: Designator=CN3(20021521-00010T1LF)
Added Component: Designator=CN4(HDR1X10)
Added Component: Designator=CN5(HDR1X10)
Added Component: Designator=CN6(20021521-00010T1LF)
Added Component: Designator=D1(SOD-323)
Added Component: Designator=D2(DO-216AA)
Added Component: Designator=D3(DO-214AC)
Added Component: Designator=FB1(0603)
Added Component: Designator=FB2(0603)
Added Component: Designator=FB3(0603)
Added Component: Designator=FB4(0603)
Added Component: Designator=FB5(0603)
Added Component: Designator=FB6(0603)
Added Component: Designator=FB7(0603)
Added Component: Designator=L1(0603)
Added Component: Designator=L2(0603)
Added Component: Designator=L3(0603)
Added Component: Designator=L4(0603)
Added Component: Designator=L5(0603)
Added Component: Designator=R1(J1-0603)
Added Component: Designator=R2(J1-0603)
Added Component: Designator=R3(J1-0603)
Added Component: Designator=R4(J1-0603)
Added Component: Designator=R5(J1-0603)
Added Component: Designator=R6(J1-0603)
Added Component: Designator=R7(J1-0603)
Added Component: Designator=R8(J1-0603)
Added Component: Designator=R9(J1-0603)
Added Component: Designator=R10(J1-0603)
Added Component: Designator=R11(J1-0603)
Added Component: Designator=R12(J1-0603)
Added Component: Designator=R13(J1-0603)
Added Component: Designator=R14(J1-0603)
Added Component: Designator=R15(J1-0603)
Added Component: Designator=R16(J1-0603)
Added Component: Designator=R17(J1-0603)
Added Component: Designator=R18(J1-0603)
Added Component: Designator=R19(J1-0603)
Added Component: Designator=R20(J1-0603)
Added Component: Designator=R21(J1-0603)
Added Component: Designator=R22(J1-0603)
Added Component: Designator=R23(J1-0603)
Added Component: Designator=R24(J1-0603)
Added Component: Designator=R25(J1-0603)
Added Component: Designator=R26(J1-0603)
Added Component: Designator=R27(J1-0603)
Added Component: Designator=R28(J1-0603)
Added Component: Designator=R29(J1-0603)
Added Component: Designator=SW1(1101M2S3CQE2)
Added Component: Designator=SW2(SDA03H0SBR)
Added Component: Designator=TS1(RCLAMP0524J)
Added Component: Designator=TS2(DO-214AC)
Added Component: Designator=TS3(744230900)
Added Component: Designator=TS4(SRF0504-102Y)
Added Component: Designator=U1(BGA121C80P11X11_1000X1000X170B30N)
Added Component: Designator=U2(SOT-23-5)
Added Component: Designator=U3(SOT-23_A_N)
Added Component: Designator=U4(SO8_M)
Added Component: Designator=U5(RGW20_3P15X3P15)
Added Component: Designator=U6(DFN-6_DCB)
Added Component: Designator=U7(RGW20_3P15X3P15)
Added Component: Designator=U8(RGW20_3P15X3P15)
Added Component: Designator=U9(SZEMI2121MTTAG)
Added Component: Designator=U10(SZEMI2121MTTAG)
Added Component: Designator=U11(SZEMI2121MTTAG)
Added Component: Designator=U12(SZEMI2121MTTAG)
Added Component: Designator=Y1(SiT1533)
Added Component: Designator=Y2(SG5032)
Added Pin To Net: NetName=GND Pin=C1-2
Added Pin To Net: NetName=GND Pin=C2-2
Added Pin To Net: NetName=GND Pin=C3-2
Added Pin To Net: NetName=GND Pin=C4-2
Added Pin To Net: NetName=GND Pin=C5-2
Added Pin To Net: NetName=GND Pin=C6-2
Added Pin To Net: NetName=GND Pin=C7-1
Added Pin To Net: NetName=VCC_USB Pin=C7-2
Added Pin To Net: NetName=NetC8_1 Pin=C8-1
Added Pin To Net: NetName=USB_SSTX_M Pin=C8-2
Added Pin To Net: NetName=NetC9_1 Pin=C9-1
Added Pin To Net: NetName=USB_SSTX_P Pin=C9-2
Added Pin To Net: NetName=GND Pin=C10-2
Added Pin To Net: NetName=GND Pin=C11-1
Added Pin To Net: NetName=VCCIO_CLK Pin=C11-2
Added Pin To Net: NetName=VCCIO_CLK Pin=C12-1
Added Pin To Net: NetName=GND Pin=C12-2
Added Pin To Net: NetName=GND Pin=C13-1
Added Pin To Net: NetName=VCC1P2_A Pin=C13-2
Added Pin To Net: NetName=VCC1P2_A Pin=C14-1
Added Pin To Net: NetName=GND Pin=C14-2
Added Pin To Net: NetName=GND Pin=C15-1
Added Pin To Net: NetName=GND Pin=C16-1
Added Pin To Net: NetName=GND Pin=C17-1
Added Pin To Net: NetName=GND Pin=C18-1
Added Pin To Net: NetName=GND Pin=C19-1
Added Pin To Net: NetName=GND Pin=C20-1
Added Pin To Net: NetName=GND Pin=C21-1
Added Pin To Net: NetName=GND Pin=C22-1
Added Pin To Net: NetName=GND Pin=C23-1
Added Pin To Net: NetName=GND Pin=C24-1
Added Pin To Net: NetName=GND Pin=C25-1
Added Pin To Net: NetName=GND Pin=C26-1
Added Pin To Net: NetName=GND Pin=C27-1
Added Pin To Net: NetName=VCC1P2_FX3_TX Pin=C27-2
Added Pin To Net: NetName=VCC1P2_FX3_TX Pin=C28-1
Added Pin To Net: NetName=GND Pin=C28-2
Added Pin To Net: NetName=GND Pin=C29-1
Added Pin To Net: NetName=VCC1P2_FX3_RX Pin=C29-2
Added Pin To Net: NetName=VCC1P2_FX3_RX Pin=C30-1
Added Pin To Net: NetName=GND Pin=C30-2
Added Pin To Net: NetName=NetC31_1 Pin=C31-1
Added Pin To Net: NetName=GND Pin=C31-2
Added Pin To Net: NetName=GND Pin=C32-1
Added Pin To Net: NetName=VCC_USB_RAW Pin=C32-2
Added Pin To Net: NetName=GND Pin=C33-1
Added Pin To Net: NetName=VCC_USB_RAW Pin=C33-2
Added Pin To Net: NetName=GND Pin=C34-2
Added Pin To Net: NetName=GND Pin=C35-1
Added Pin To Net: NetName=GND Pin=C36-1
Added Pin To Net: NetName=GND Pin=C37-1
Added Pin To Net: NetName=GND Pin=C38-1
Added Pin To Net: NetName=GND Pin=C39-2
Added Pin To Net: NetName=GND Pin=C42-1
Added Pin To Net: NetName=GND Pin=C43-1
Added Pin To Net: NetName=GND Pin=C44-1
Added Pin To Net: NetName=GND Pin=C45-1
Added Pin To Net: NetName=GND Pin=C46-1
Added Pin To Net: NetName=GND Pin=C47-1
Added Pin To Net: NetName=GND Pin=C48-1
Added Pin To Net: NetName=GND Pin=C49-1
Added Pin To Net: NetName=GND Pin=C50-1
Added Pin To Net: NetName=GND Pin=C51-1
Added Pin To Net: NetName=VCC_USB Pin=C51-2
Added Pin To Net: NetName=GND Pin=C52-1
Added Pin To Net: NetName=GND Pin=C53-2
Added Pin To Net: NetName=GND Pin=C54-1
Added Pin To Net: NetName=GND Pin=C55-2
Added Pin To Net: NetName=GND Pin=C56-2
Added Pin To Net: NetName=NetC31_1 Pin=CN1-0
Added Pin To Net: NetName=NetC31_1 Pin=CN1-0
Added Pin To Net: NetName=NetC31_1 Pin=CN1-0
Added Pin To Net: NetName=NetC31_1 Pin=CN1-0
Added Pin To Net: NetName=NetC31_1 Pin=CN1-0
Added Pin To Net: NetName=NetC31_1 Pin=CN1-0
Added Pin To Net: NetName=NetCN1_1 Pin=CN1-1
Added Pin To Net: NetName=NetCN1_2 Pin=CN1-2
Added Pin To Net: NetName=NetCN1_3 Pin=CN1-3
Added Pin To Net: NetName=GND Pin=CN1-5
Added Pin To Net: NetName=NetCN1_6 Pin=CN1-6
Added Pin To Net: NetName=NetCN1_7 Pin=CN1-7
Added Pin To Net: NetName=GND Pin=CN1-8
Added Pin To Net: NetName=NetCN1_9 Pin=CN1-9
Added Pin To Net: NetName=NetCN1_10 Pin=CN1-10
Added Pin To Net: NetName=JTAG_TMS Pin=CN3-2
Added Pin To Net: NetName=GND Pin=CN3-3
Added Pin To Net: NetName=JTAG_TCK Pin=CN3-4
Added Pin To Net: NetName=GND Pin=CN3-5
Added Pin To Net: NetName=JTAG_TDO Pin=CN3-6
Added Pin To Net: NetName=JTAG_TDI Pin=CN3-8
Added Pin To Net: NetName=GND Pin=CN3-9
Added Pin To Net: NetName=JTAG_NTRST Pin=CN3-10
Added Pin To Net: NetName=MIPI_CLKN Pin=CN4-9
Added Pin To Net: NetName=MIPI_CLKP Pin=CN4-10
Added Pin To Net: NetName=MIPI_CAM_RST Pin=CN5-1
Added Pin To Net: NetName=MIPI_CAM_PWDN Pin=CN5-2
Added Pin To Net: NetName=CLKM_CX3 Pin=CN5-3
Added Pin To Net: NetName=CX3_I2C_SDA Pin=CN5-5
Added Pin To Net: NetName=CX3_I2C_SCL Pin=CN5-7
Added Pin To Net: NetName=GND Pin=CN6-4
Added Pin To Net: NetName=GND Pin=D2-2
Added Pin To Net: NetName=NetCN1_1 Pin=FB1-1
Added Pin To Net: NetName=VCC_USB_RAW Pin=FB1-2
Added Pin To Net: NetName=GND Pin=FB2-2
Added Pin To Net: NetName=GND Pin=FB5-2
Added Pin To Net: NetName=GND Pin=FB7-2
Added Pin To Net: NetName=VCCIO_CLK Pin=L1-2
Added Pin To Net: NetName=VCC1P2_A Pin=L2-2
Added Pin To Net: NetName=VCC1P2_FX3_TX Pin=L3-2
Added Pin To Net: NetName=VCC1P2_FX3_RX Pin=L4-2
Added Pin To Net: NetName=CX3_SPI_SCK Pin=R1-1
Added Pin To Net: NetName=NetR1_2 Pin=R1-2
Added Pin To Net: NetName=NetR2_1 Pin=R2-1
Added Pin To Net: NetName=CLKM_CX3 Pin=R2-2
Added Pin To Net: NetName=NetR3_1 Pin=R3-1
Added Pin To Net: NetName=MIPI_CAM_PWDN Pin=R3-2
Added Pin To Net: NetName=NetR4_1 Pin=R4-1
Added Pin To Net: NetName=MIPI_CAM_RST Pin=R4-2
Added Pin To Net: NetName=GND Pin=R5-1
Added Pin To Net: NetName=NRST_CAM Pin=R5-2
Added Pin To Net: NetName=NetR6_2 Pin=R6-2
Added Pin To Net: NetName=NetC31_1 Pin=R7-1
Added Pin To Net: NetName=GND Pin=R7-2
Added Pin To Net: NetName=NetR8_1 Pin=R8-1
Added Pin To Net: NetName=VCC_USB_RAW Pin=R8-2
Added Pin To Net: NetName=NetR9_1 Pin=R9-1
Added Pin To Net: NetName=NetR9_2 Pin=R9-2
Added Pin To Net: NetName=CLK_19.2MHZ_MIPI Pin=R10-1
Added Pin To Net: NetName=NetR10_2 Pin=R10-2
Added Pin To Net: NetName=CLK_19.2MHZ_CX3 Pin=R11-1
Added Pin To Net: NetName=NetR11_2 Pin=R11-2
Added Pin To Net: NetName=CX3_SPI_SCK Pin=R13-1
Added Pin To Net: NetName=CX3_SPI_SSN Pin=R14-1
Added Pin To Net: NetName=GND Pin=R17-2
Added Pin To Net: NetName=GND Pin=R20-1
Added Pin To Net: NetName=GND Pin=R23-2
Added Pin To Net: NetName=GND Pin=R26-2
Added Pin To Net: NetName=GND Pin=R29-1
Added Pin To Net: NetName=CX3_PMODE0 Pin=SW2-2
Added Pin To Net: NetName=CX3_PMODE1 Pin=SW2-4
Added Pin To Net: NetName=CX3_PMODE2 Pin=SW2-6
Added Pin To Net: NetName=NetCN1_6 Pin=TS1-1
Added Pin To Net: NetName=NetCN1_7 Pin=TS1-2
Added Pin To Net: NetName=NetCN1_9 Pin=TS1-3
Added Pin To Net: NetName=NetCN1_10 Pin=TS1-4
Added Pin To Net: NetName=USB_SSRX_P Pin=TS1-5
Added Pin To Net: NetName=USB_SSRX_M Pin=TS1-6
Added Pin To Net: NetName=USB_SSTX_P Pin=TS1-7
Added Pin To Net: NetName=USB_SSTX_M Pin=TS1-8
Added Pin To Net: NetName=GND Pin=TS1-9
Added Pin To Net: NetName=GND Pin=TS2-1
Added Pin To Net: NetName=NetCN1_1 Pin=TS2-2
Added Pin To Net: NetName=NetCN1_2 Pin=TS3-1
Added Pin To Net: NetName=USB2_DATA_M Pin=TS3-2
Added Pin To Net: NetName=USB2_DATA_P Pin=TS3-3
Added Pin To Net: NetName=NetCN1_3 Pin=TS3-4
Added Pin To Net: NetName=GND Pin=TS4-4
Added Pin To Net: NetName=GND Pin=U1-A1
Added Pin To Net: NetName=VCC1P2_FX3_RX Pin=U1-A2
Added Pin To Net: NetName=USB_SSRX_M Pin=U1-A3
Added Pin To Net: NetName=USB_SSRX_P Pin=U1-A4
Added Pin To Net: NetName=NetC9_1 Pin=U1-A5
Added Pin To Net: NetName=NetC8_1 Pin=U1-A6
Added Pin To Net: NetName=VCC1P2_A Pin=U1-A7
Added Pin To Net: NetName=GND Pin=U1-A8
Added Pin To Net: NetName=USB2_DATA_P Pin=U1-A9
Added Pin To Net: NetName=USB2_DATA_M Pin=U1-A10
Added Pin To Net: NetName=GND Pin=U1-B2
Added Pin To Net: NetName=VCC1P2_FX3_TX Pin=U1-B5
Added Pin To Net: NetName=VCCIO_CLK Pin=U1-B6
Added Pin To Net: NetName=GND Pin=U1-B7
Added Pin To Net: NetName=GND Pin=U1-B8
Added Pin To Net: NetName=GND Pin=U1-B9
Added Pin To Net: NetName=JTAG_NTRST Pin=U1-B11
Added Pin To Net: NetName=CX3_SPI_SSN Pin=U1-C1
Added Pin To Net: NetName=CX3_SPI_MISO Pin=U1-C2
Added Pin To Net: NetName=CX3_NRST Pin=U1-C5
Added Pin To Net: NetName=JTAG_TDO Pin=U1-C10
Added Pin To Net: NetName=NetR1_2 Pin=U1-D4
Added Pin To Net: NetName=CX3_SPI_MOSI Pin=U1-D5
Added Pin To Net: NetName=CLK_OSC_32K768HZ Pin=U1-D6
Added Pin To Net: NetName=CLK_19.2MHZ_CX3 Pin=U1-D7
Added Pin To Net: NetName=GND Pin=U1-D8
Added Pin To Net: NetName=CX3_I2C_SCL Pin=U1-D9
Added Pin To Net: NetName=CX3_I2C_SDA Pin=U1-D10
Added Pin To Net: NetName=GND Pin=U1-E2
Added Pin To Net: NetName=JTAG_TDI Pin=U1-E7
Added Pin To Net: NetName=JTAG_TMS Pin=U1-E8
Added Pin To Net: NetName=VCC_USB Pin=U1-E10
Added Pin To Net: NetName=GND Pin=U1-E11
Added Pin To Net: NetName=NetR6_2 Pin=U1-F1
Added Pin To Net: NetName=CLK_19.2MHZ_MIPI Pin=U1-F2
Added Pin To Net: NetName=NetR4_1 Pin=U1-F4
Added Pin To Net: NetName=JTAG_TCK Pin=U1-F6
Added Pin To Net: NetName=GND Pin=U1-G1
Added Pin To Net: NetName=NetR3_1 Pin=U1-G2
Added Pin To Net: NetName=NetR2_1 Pin=U1-G3
Added Pin To Net: NetName=CX3_PMODE0 Pin=U1-G4
Added Pin To Net: NetName=GND Pin=U1-G11
Added Pin To Net: NetName=CX3_PMODE1 Pin=U1-H4
Added Pin To Net: NetName=NRST_CAM Pin=U1-H6
Added Pin To Net: NetName=MIPI_DAT0_P Pin=U1-J5
Added Pin To Net: NetName=MIPI_DAT1_P Pin=U1-J6
Added Pin To Net: NetName=MIPI_CLKP Pin=U1-J7
Added Pin To Net: NetName=MIPI_DAT2_P Pin=U1-J8
Added Pin To Net: NetName=MIPI_DAT2_N Pin=U1-J9
Added Pin To Net: NetName=GND Pin=U1-K3
Added Pin To Net: NetName=GND Pin=U1-K4
Added Pin To Net: NetName=MIPI_DAT0_N Pin=U1-K5
Added Pin To Net: NetName=MIPI_DAT1_N Pin=U1-K6
Added Pin To Net: NetName=MIPI_CLKN Pin=U1-K7
Added Pin To Net: NetName=MIPI_DAT3_N Pin=U1-K8
Added Pin To Net: NetName=GND Pin=U1-L1
Added Pin To Net: NetName=GND Pin=U1-L2
Added Pin To Net: NetName=GND Pin=U1-L3
Added Pin To Net: NetName=CX3_PMODE2 Pin=U1-L4
Added Pin To Net: NetName=GND Pin=U1-L6
Added Pin To Net: NetName=MIPI_DAT3_P Pin=U1-L8
Added Pin To Net: NetName=GND Pin=U1-L11
Added Pin To Net: NetName=VCC_USB_RAW Pin=U2-1
Added Pin To Net: NetName=GND Pin=U2-2
Added Pin To Net: NetName=GND Pin=U2-3
Added Pin To Net: NetName=NetR8_1 Pin=U2-4
Added Pin To Net: NetName=VCC_USB Pin=U2-5
Added Pin To Net: NetName=NetR9_2 Pin=U3-1
Added Pin To Net: NetName=GND Pin=U3-2
Added Pin To Net: NetName=NetR9_2 Pin=U3-3
Added Pin To Net: NetName=NetR10_2 Pin=U3-4
Added Pin To Net: NetName=VCCIO_CLK Pin=U3-5
Added Pin To Net: NetName=NetR11_2 Pin=U3-6
Added Pin To Net: NetName=CX3_SPI_SSN Pin=U4-1
Added Pin To Net: NetName=CX3_SPI_MISO Pin=U4-2
Added Pin To Net: NetName=GND Pin=U4-3
Added Pin To Net: NetName=GND Pin=U4-4
Added Pin To Net: NetName=CX3_SPI_MOSI Pin=U4-5
Added Pin To Net: NetName=CX3_SPI_SCK Pin=U4-6
Added Pin To Net: NetName=GND Pin=U5-12
Added Pin To Net: NetName=GND Pin=U5-21
Added Pin To Net: NetName=GND Pin=U6-2
Added Pin To Net: NetName=GND Pin=U6-7
Added Pin To Net: NetName=GND Pin=U7-12
Added Pin To Net: NetName=GND Pin=U7-21
Added Pin To Net: NetName=GND Pin=U8-12
Added Pin To Net: NetName=GND Pin=U8-21
Added Pin To Net: NetName=MIPI_DAT0_P Pin=U9-1
Added Pin To Net: NetName=MIPI_DAT0_N Pin=U9-2
Added Pin To Net: NetName=GND Pin=U9-3
Added Pin To Net: NetName=GND Pin=U9-4
Added Pin To Net: NetName=GND Pin=U9-5
Added Pin To Net: NetName=GND Pin=U9-6
Added Pin To Net: NetName=MIPI_DAT1_P Pin=U10-1
Added Pin To Net: NetName=MIPI_DAT1_N Pin=U10-2
Added Pin To Net: NetName=GND Pin=U10-3
Added Pin To Net: NetName=GND Pin=U10-4
Added Pin To Net: NetName=GND Pin=U10-5
Added Pin To Net: NetName=GND Pin=U10-6
Added Pin To Net: NetName=MIPI_DAT2_P Pin=U11-1
Added Pin To Net: NetName=MIPI_DAT2_N Pin=U11-2
Added Pin To Net: NetName=GND Pin=U11-3
Added Pin To Net: NetName=GND Pin=U11-4
Added Pin To Net: NetName=GND Pin=U11-5
Added Pin To Net: NetName=GND Pin=U11-6
Added Pin To Net: NetName=MIPI_DAT3_P Pin=U12-1
Added Pin To Net: NetName=MIPI_DAT3_N Pin=U12-2
Added Pin To Net: NetName=GND Pin=U12-3
Added Pin To Net: NetName=GND Pin=U12-4
Added Pin To Net: NetName=GND Pin=U12-5
Added Pin To Net: NetName=GND Pin=U12-6
Added Pin To Net: NetName=GND Pin=Y1-2
Added Pin To Net: NetName=CLK_OSC_32K768HZ Pin=Y1-3
Added Pin To Net: NetName=VCCIO_CLK Pin=Y1-4
Added Pin To Net: NetName=GND Pin=Y2-2
Added Pin To Net: NetName=NetR9_1 Pin=Y2-3
Added Pin To Net: NetName=VCCIO_CLK Pin=Y2-4
Added Pin To Net: NetName=CLK_OUT Pin=CN6-1
Added Net: Name=CLK_OUT
Added Pin To Net: NetName=CX3_GPIO17 Pin=CN6-7
Added Pin To Net: NetName=CX3_GPIO17 Pin=U1-D11
Added Net: Name=CX3_GPIO17
Added Pin To Net: NetName=CX3_GPIO18 Pin=CN6-9
Added Pin To Net: NetName=CX3_GPIO18 Pin=U1-C6
Added Net: Name=CX3_GPIO18
Added Pin To Net: NetName=CX3_GPIO19 Pin=U1-C7
Added Net: Name=CX3_GPIO19
Added Pin To Net: NetName=CX3_GPIO20 Pin=U1-E6
Added Net: Name=CX3_GPIO20
Added Pin To Net: NetName=CX3_GPIO21 Pin=U1-B4
Added Net: Name=CX3_GPIO21
Added Pin To Net: NetName=CX3_GPIO22 Pin=U1-C8
Added Net: Name=CX3_GPIO22
Added Pin To Net: NetName=CX3_GPIO23 Pin=U1-B3
Added Net: Name=CX3_GPIO23
Added Pin To Net: NetName=CX3_GPIO24 Pin=U1-A11
Added Net: Name=CX3_GPIO24
Added Pin To Net: NetName=CX3_GPIO25 Pin=U1-G5
Added Net: Name=CX3_GPIO25
Added Pin To Net: NetName=CX3_GPIO26 Pin=CN5-10
Added Pin To Net: NetName=CX3_GPIO26 Pin=U1-C4
Added Net: Name=CX3_GPIO26
Added Pin To Net: NetName=CX3_GPIO44 Pin=CN5-9
Added Pin To Net: NetName=CX3_GPIO44 Pin=U1-F3
Added Net: Name=CX3_GPIO44
Added Pin To Net: NetName=CX3_GPIO45 Pin=U1-C9
Added Net: Name=CX3_GPIO45
Added Pin To Net: NetName=MIPI_DAT0_+ Pin=CN4-7
Added Pin To Net: NetName=MIPI_DAT0_+ Pin=U9-8
Added Net: Name=MIPI_DAT0_+
Added Pin To Net: NetName=MIPI_DAT0_- Pin=CN4-6
Added Pin To Net: NetName=MIPI_DAT0_- Pin=U9-7
Added Net: Name=MIPI_DAT0_-
Added Pin To Net: NetName=MIPI_DAT1_+ Pin=CN4-4
Added Pin To Net: NetName=MIPI_DAT1_+ Pin=U10-8
Added Net: Name=MIPI_DAT1_+
Added Pin To Net: NetName=MIPI_DAT1_- Pin=CN4-3
Added Pin To Net: NetName=MIPI_DAT1_- Pin=U10-7
Added Net: Name=MIPI_DAT1_-
Added Pin To Net: NetName=MIPI_DAT2_+ Pin=CN6-2
Added Pin To Net: NetName=MIPI_DAT2_+ Pin=U11-8
Added Net: Name=MIPI_DAT2_+
Added Pin To Net: NetName=MIPI_DAT2_- Pin=CN6-3
Added Pin To Net: NetName=MIPI_DAT2_- Pin=U11-7
Added Net: Name=MIPI_DAT2_-
Added Pin To Net: NetName=MIPI_DAT3_+ Pin=CN6-5
Added Pin To Net: NetName=MIPI_DAT3_+ Pin=U12-8
Added Net: Name=MIPI_DAT3_+
Added Pin To Net: NetName=MIPI_DAT3_- Pin=CN6-6
Added Pin To Net: NetName=MIPI_DAT3_- Pin=U12-7
Added Net: Name=MIPI_DAT3_-
Added Pin To Net: NetName=NetC36_2 Pin=C36-2
Added Pin To Net: NetName=NetC36_2 Pin=U5-15
Added Net: Name=NetC36_2
Added Pin To Net: NetName=NetC40_1 Pin=C40-1
Added Pin To Net: NetName=NetC40_1 Pin=D1-1
Added Pin To Net: NetName=NetC40_1 Pin=U6-3
Added Net: Name=NetC40_1
Added Pin To Net: NetName=NetC40_2 Pin=C40-2
Added Pin To Net: NetName=NetC40_2 Pin=D2-1
Added Pin To Net: NetName=NetC40_2 Pin=L5-1
Added Pin To Net: NetName=NetC40_2 Pin=U6-4
Added Net: Name=NetC40_2
Added Pin To Net: NetName=NetC41_2 Pin=C41-2
Added Pin To Net: NetName=NetC41_2 Pin=R19-2
Added Pin To Net: NetName=NetC41_2 Pin=R20-2
Added Pin To Net: NetName=NetC41_2 Pin=U6-1
Added Net: Name=NetC41_2
Added Pin To Net: NetName=NetC44_2 Pin=C44-2
Added Pin To Net: NetName=NetC44_2 Pin=U7-15
Added Net: Name=NetC44_2
Added Pin To Net: NetName=NetCN2_1 Pin=CN2-1
Added Pin To Net: NetName=NetCN2_1 Pin=CN2-1A
Added Pin To Net: NetName=NetCN2_1 Pin=CN2-1B
Added Pin To Net: NetName=NetCN2_1 Pin=D3-1
Added Pin To Net: NetName=NetCN2_1 Pin=TS4-2
Added Net: Name=NetCN2_1
Added Pin To Net: NetName=NetCN2_2 Pin=CN2-2
Added Pin To Net: NetName=NetCN2_2 Pin=CN2-2A
Added Pin To Net: NetName=NetCN2_2 Pin=CN2-2B
Added Pin To Net: NetName=NetCN2_2 Pin=CN2-3
Added Pin To Net: NetName=NetCN2_2 Pin=CN2-3A
Added Pin To Net: NetName=NetCN2_2 Pin=CN2-3B
Added Pin To Net: NetName=NetCN2_2 Pin=D3-2
Added Pin To Net: NetName=NetCN2_2 Pin=TS4-3
Added Net: Name=NetCN2_2
Added Pin To Net: NetName=NetCN4_2 Pin=CN4-2
Added Pin To Net: NetName=NetCN4_2 Pin=FB7-1
Added Net: Name=NetCN4_2
Added Pin To Net: NetName=NetCN4_5 Pin=CN4-5
Added Pin To Net: NetName=NetCN4_5 Pin=FB6-1
Added Net: Name=NetCN4_5
Added Pin To Net: NetName=NetCN4_8 Pin=CN4-8
Added Pin To Net: NetName=NetCN4_8 Pin=FB5-1
Added Net: Name=NetCN4_8
Added Pin To Net: NetName=NetCN5_4 Pin=CN5-4
Added Pin To Net: NetName=NetCN5_4 Pin=FB4-1
Added Net: Name=NetCN5_4
Added Pin To Net: NetName=NetCN5_6 Pin=CN5-6
Added Pin To Net: NetName=NetCN5_6 Pin=FB3-1
Added Net: Name=NetCN5_6
Added Pin To Net: NetName=NetCN5_8 Pin=CN5-8
Added Pin To Net: NetName=NetCN5_8 Pin=FB2-1
Added Net: Name=NetCN5_8
Added Pin To Net: NetName=NetR12_1 Pin=R12-1
Added Pin To Net: NetName=NetR12_1 Pin=U4-7
Added Net: Name=NetR12_1
Added Pin To Net: NetName=NetR15_2 Pin=R15-2
Added Pin To Net: NetName=NetR15_2 Pin=U5-9
Added Net: Name=NetR15_2
Added Pin To Net: NetName=NetR16_2 Pin=R16-2
Added Pin To Net: NetName=NetR16_2 Pin=R17-1
Added Pin To Net: NetName=NetR16_2 Pin=U5-16
Added Net: Name=NetR16_2
Added Pin To Net: NetName=NetR18_2 Pin=R18-2
Added Pin To Net: NetName=NetR18_2 Pin=U6-6
Added Net: Name=NetR18_2
Added Pin To Net: NetName=NetR21_2 Pin=R21-2
Added Pin To Net: NetName=NetR21_2 Pin=U7-9
Added Net: Name=NetR21_2
Added Pin To Net: NetName=NetR22_2 Pin=R22-2
Added Pin To Net: NetName=NetR22_2 Pin=R23-1
Added Pin To Net: NetName=NetR22_2 Pin=U7-16
Added Net: Name=NetR22_2
Added Pin To Net: NetName=NetR24_2 Pin=R24-2
Added Pin To Net: NetName=NetR24_2 Pin=U8-9
Added Net: Name=NetR24_2
Added Pin To Net: NetName=NetR25_2 Pin=R25-2
Added Pin To Net: NetName=NetR25_2 Pin=R26-1
Added Pin To Net: NetName=NetR25_2 Pin=U8-16
Added Net: Name=NetR25_2
Added Pin To Net: NetName=NetR27_2 Pin=R27-2
Added Pin To Net: NetName=NetR27_2 Pin=SW2-3
Added Net: Name=NetR27_2
Added Pin To Net: NetName=NetR28_2 Pin=R28-2
Added Pin To Net: NetName=NetR28_2 Pin=SW2-1
Added Net: Name=NetR28_2
Added Pin To Net: NetName=NetR29_2 Pin=R29-2
Added Pin To Net: NetName=NetR29_2 Pin=SW2-5
Added Net: Name=NetR29_2
Added Pin To Net: NetName=VCC_1V2 Pin=C1-1
Added Pin To Net: NetName=VCC_1V2 Pin=C2-1
Added Pin To Net: NetName=VCC_1V2 Pin=C3-1
Added Pin To Net: NetName=VCC_1V2 Pin=C4-1
Added Pin To Net: NetName=VCC_1V2 Pin=C5-1
Added Pin To Net: NetName=VCC_1V2 Pin=C6-1
Added Pin To Net: NetName=VCC_1V2 Pin=C10-1
Added Pin To Net: NetName=VCC_1V2 Pin=C15-2
Added Pin To Net: NetName=VCC_1V2 Pin=C16-2
Added Pin To Net: NetName=VCC_1V2 Pin=C17-2
Added Pin To Net: NetName=VCC_1V2 Pin=C18-2
Added Pin To Net: NetName=VCC_1V2 Pin=C19-2
Added Pin To Net: NetName=VCC_1V2 Pin=C20-2
Added Pin To Net: NetName=VCC_1V2 Pin=C21-2
Added Pin To Net: NetName=VCC_1V2 Pin=C22-2
Added Pin To Net: NetName=VCC_1V2 Pin=C23-2
Added Pin To Net: NetName=VCC_1V2 Pin=C24-2
Added Pin To Net: NetName=VCC_1V2 Pin=C25-2
Added Pin To Net: NetName=VCC_1V2 Pin=C26-2
Added Pin To Net: NetName=VCC_1V2 Pin=C34-1
Added Pin To Net: NetName=VCC_1V2 Pin=C37-2
Added Pin To Net: NetName=VCC_1V2 Pin=C38-2
Added Pin To Net: NetName=VCC_1V2 Pin=C45-2
Added Pin To Net: NetName=VCC_1V2 Pin=C46-2
Added Pin To Net: NetName=VCC_1V2 Pin=C48-2
Added Pin To Net: NetName=VCC_1V2 Pin=C49-2
Added Pin To Net: NetName=VCC_1V2 Pin=C53-1
Added Pin To Net: NetName=VCC_1V2 Pin=C55-1
Added Pin To Net: NetName=VCC_1V2 Pin=C56-1
Added Pin To Net: NetName=VCC_1V2 Pin=CN3-1
Added Pin To Net: NetName=VCC_1V2 Pin=CN4-1
Added Pin To Net: NetName=VCC_1V2 Pin=CN6-8
Added Pin To Net: NetName=VCC_1V2 Pin=CN6-10
Added Pin To Net: NetName=VCC_1V2 Pin=FB3-2
Added Pin To Net: NetName=VCC_1V2 Pin=FB6-2
Added Pin To Net: NetName=VCC_1V2 Pin=L1-1
Added Pin To Net: NetName=VCC_1V2 Pin=L2-1
Added Pin To Net: NetName=VCC_1V2 Pin=L3-1
Added Pin To Net: NetName=VCC_1V2 Pin=L4-1
Added Pin To Net: NetName=VCC_1V2 Pin=R6-1
Added Pin To Net: NetName=VCC_1V2 Pin=R12-2
Added Pin To Net: NetName=VCC_1V2 Pin=R13-2
Added Pin To Net: NetName=VCC_1V2 Pin=R14-2
Added Pin To Net: NetName=VCC_1V2 Pin=R15-1
Added Pin To Net: NetName=VCC_1V2 Pin=R16-1
Added Pin To Net: NetName=VCC_1V2 Pin=R21-1
Added Pin To Net: NetName=VCC_1V2 Pin=R22-1
Added Pin To Net: NetName=VCC_1V2 Pin=R24-1
Added Pin To Net: NetName=VCC_1V2 Pin=R25-1
Added Pin To Net: NetName=VCC_1V2 Pin=R27-1
Added Pin To Net: NetName=VCC_1V2 Pin=R28-1
Added Pin To Net: NetName=VCC_1V2 Pin=U1-B1
Added Pin To Net: NetName=VCC_1V2 Pin=U1-B10
Added Pin To Net: NetName=VCC_1V2 Pin=U1-C3
Added Pin To Net: NetName=VCC_1V2 Pin=U1-E3
Added Pin To Net: NetName=VCC_1V2 Pin=U1-E9
Added Pin To Net: NetName=VCC_1V2 Pin=U1-F11
Added Pin To Net: NetName=VCC_1V2 Pin=U1-H1
Added Pin To Net: NetName=VCC_1V2 Pin=U1-H11
Added Pin To Net: NetName=VCC_1V2 Pin=U1-J5
Added Pin To Net: NetName=VCC_1V2 Pin=U1-L5
Added Pin To Net: NetName=VCC_1V2 Pin=U1-L7
Added Pin To Net: NetName=VCC_1V2 Pin=U1-L9
Added Pin To Net: NetName=VCC_1V2 Pin=U4-8
Added Pin To Net: NetName=VCC_1V2 Pin=U5-1
Added Pin To Net: NetName=VCC_1V2 Pin=U5-18
Added Pin To Net: NetName=VCC_1V2 Pin=U5-19
Added Pin To Net: NetName=VCC_1V2 Pin=U5-20
Added Pin To Net: NetName=VCC_1V2 Pin=U7-1
Added Pin To Net: NetName=VCC_1V2 Pin=U7-18
Added Pin To Net: NetName=VCC_1V2 Pin=U7-19
Added Pin To Net: NetName=VCC_1V2 Pin=U7-20
Added Pin To Net: NetName=VCC_1V2 Pin=U8-1
Added Pin To Net: NetName=VCC_1V2 Pin=U8-18
Added Pin To Net: NetName=VCC_1V2 Pin=U8-19
Added Pin To Net: NetName=VCC_1V2 Pin=U8-20
Added Net: Name=VCC_1V2
Added Pin To Net: NetName=VCC_1V8 Pin=C41-1
Added Pin To Net: NetName=VCC_1V8 Pin=C42-2
Added Pin To Net: NetName=VCC_1V8 Pin=C54-2
Added Pin To Net: NetName=VCC_1V8 Pin=FB4-2
Added Pin To Net: NetName=VCC_1V8 Pin=L5-2
Added Pin To Net: NetName=VCC_1V8 Pin=R19-1
Added Net: Name=VCC_1V8
Added Pin To Net: NetName=VCC_5V Pin=C50-2
Added Pin To Net: NetName=VCC_5V Pin=SW1-1
Added Pin To Net: NetName=VCC_5V Pin=TS4-1
Added Net: Name=VCC_5V
Added Pin To Net: NetName=VCC_SYS Pin=C35-2
Added Pin To Net: NetName=VCC_SYS Pin=C39-1
Added Pin To Net: NetName=VCC_SYS Pin=C43-2
Added Pin To Net: NetName=VCC_SYS Pin=C47-2
Added Pin To Net: NetName=VCC_SYS Pin=C52-2
Added Pin To Net: NetName=VCC_SYS Pin=D1-2
Added Pin To Net: NetName=VCC_SYS Pin=R18-1
Added Pin To Net: NetName=VCC_SYS Pin=SW1-2
Added Pin To Net: NetName=VCC_SYS Pin=U5-5
Added Pin To Net: NetName=VCC_SYS Pin=U5-6
Added Pin To Net: NetName=VCC_SYS Pin=U5-7
Added Pin To Net: NetName=VCC_SYS Pin=U5-8
Added Pin To Net: NetName=VCC_SYS Pin=U5-10
Added Pin To Net: NetName=VCC_SYS Pin=U5-11
Added Pin To Net: NetName=VCC_SYS Pin=U6-5
Added Pin To Net: NetName=VCC_SYS Pin=U7-5
Added Pin To Net: NetName=VCC_SYS Pin=U7-6
Added Pin To Net: NetName=VCC_SYS Pin=U7-7
Added Pin To Net: NetName=VCC_SYS Pin=U7-8
Added Pin To Net: NetName=VCC_SYS Pin=U7-10
Added Pin To Net: NetName=VCC_SYS Pin=U7-11
Added Pin To Net: NetName=VCC_SYS Pin=U8-5
Added Pin To Net: NetName=VCC_SYS Pin=U8-6
Added Pin To Net: NetName=VCC_SYS Pin=U8-7
Added Pin To Net: NetName=VCC_SYS Pin=U8-8
Added Pin To Net: NetName=VCC_SYS Pin=U8-10
Added Pin To Net: NetName=VCC_SYS Pin=U8-11
Added Net: Name=VCC_SYS
Added Member To Class: ClassName=CX3_Camera Member=Component C1 4.7uF 16V
Added Member To Class: ClassName=CX3_Camera Member=Component C2 0.1uF
Added Member To Class: ClassName=CX3_Camera Member=Component C3 0.1uF
Added Member To Class: ClassName=CX3_Camera Member=Component C4 10000pF
Added Member To Class: ClassName=CX3_Camera Member=Component C5 0.1uF
Added Member To Class: ClassName=CX3_Camera Member=Component C6 0.1uF
Added Member To Class: ClassName=CX3_Camera Member=Component C7 0.1uF
Added Member To Class: ClassName=CX3_Camera Member=Component C8 0.1uF
Added Member To Class: ClassName=CX3_Camera Member=Component C9 0.1uF
Added Member To Class: ClassName=CX3_Camera Member=Component C10 10000pF
Added Member To Class: ClassName=CX3_Camera Member=Component C11 4.7uF 16V
Added Member To Class: ClassName=CX3_Camera Member=Component C12 0.1uF
Added Member To Class: ClassName=CX3_Camera Member=Component C13 4.7uF 16V
Added Member To Class: ClassName=CX3_Camera Member=Component C14 0.1uF
Added Member To Class: ClassName=CX3_Camera Member=Component C15 22uF 16V
Added Member To Class: ClassName=CX3_Camera Member=Component C16 0.1uF
Added Member To Class: ClassName=CX3_Camera Member=Component C17 10000pF
Added Member To Class: ClassName=CX3_Camera Member=Component C18 0.1uF
Added Member To Class: ClassName=CX3_Camera Member=Component C19 10000pF
Added Member To Class: ClassName=CX3_Camera Member=Component C20 0.1uF
Added Member To Class: ClassName=CX3_Camera Member=Component C21 10000pF
Added Member To Class: ClassName=CX3_Camera Member=Component C22 0.1uF
Added Member To Class: ClassName=CX3_Camera Member=Component C23 10000pF
Added Member To Class: ClassName=CX3_Camera Member=Component C24 0.1uF
Added Member To Class: ClassName=CX3_Camera Member=Component C25 10000pF
Added Member To Class: ClassName=CX3_Camera Member=Component C26 0.1uF
Added Member To Class: ClassName=CX3_Camera Member=Component C27 22uF 16V
Added Member To Class: ClassName=CX3_Camera Member=Component C28 0.1uF
Added Member To Class: ClassName=CX3_Camera Member=Component C29 22uF 16V
Added Member To Class: ClassName=CX3_Camera Member=Component C30 0.1uF
Added Member To Class: ClassName=CX3_Camera Member=Component C31 0.047uF
Added Member To Class: ClassName=CX3_Camera Member=Component C32 4.7uF
Added Member To Class: ClassName=CX3_Camera Member=Component C33 0.1uF
Added Member To Class: ClassName=CX3_Camera Member=Component C34 0.1uF
Added Member To Class: ClassName=CX3_Camera Member=Component C35 22uF 16V
Added Member To Class: ClassName=CX3_Camera Member=Component C36 0.1uF
Added Member To Class: ClassName=CX3_Camera Member=Component C37 22uF 16V
Added Member To Class: ClassName=CX3_Camera Member=Component C38 4.7uF 16V
Added Member To Class: ClassName=CX3_Camera Member=Component C39 22uF 16V
Added Member To Class: ClassName=CX3_Camera Member=Component C40 0.1uF
Added Member To Class: ClassName=CX3_Camera Member=Component C41 120pF
Added Member To Class: ClassName=CX3_Camera Member=Component C42 22uF 16V
Added Member To Class: ClassName=CX3_Camera Member=Component C43 22uF 16V
Added Member To Class: ClassName=CX3_Camera Member=Component C44 0.1uF
Added Member To Class: ClassName=CX3_Camera Member=Component C45 22uF 16V
Added Member To Class: ClassName=CX3_Camera Member=Component C46 4.7uF 16V
Added Member To Class: ClassName=CX3_Camera Member=Component C47 22uF 16V
Added Member To Class: ClassName=CX3_Camera Member=Component C48 22uF 16V
Added Member To Class: ClassName=CX3_Camera Member=Component C49 4.7uF 16V
Added Member To Class: ClassName=CX3_Camera Member=Component C50 22uF 16V
Added Member To Class: ClassName=CX3_Camera Member=Component C51 22uF 16V
Added Member To Class: ClassName=CX3_Camera Member=Component C52 4.7uF 16V
Added Member To Class: ClassName=CX3_Camera Member=Component C53 4.7uF 16V
Added Member To Class: ClassName=CX3_Camera Member=Component C54 4.7uF 16V
Added Member To Class: ClassName=CX3_Camera Member=Component C55 4.7uF 16V
Added Member To Class: ClassName=CX3_Camera Member=Component C56 4.7uF 16V
Added Member To Class: ClassName=CX3_Camera Member=Component CN1 GSB343K33HR
Added Member To Class: ClassName=CX3_Camera Member=Component CN2 PJ-102B
Added Member To Class: ClassName=CX3_Camera Member=Component CN3 20021521-00010T1LF
Added Member To Class: ClassName=CX3_Camera Member=Component CN4 Header 10
Added Member To Class: ClassName=CX3_Camera Member=Component CN5 Header 10
Added Member To Class: ClassName=CX3_Camera Member=Component CN6 20021521-00010T1LF
Added Member To Class: ClassName=CX3_Camera Member=Component D1 BAT54HT1G
Added Member To Class: ClassName=CX3_Camera Member=Component D2 MBRM140T3G
Added Member To Class: ClassName=CX3_Camera Member=Component D3 BAT54HT1G
Added Member To Class: ClassName=CX3_Camera Member=Component FB1 BLM03AX100SN1D
Added Member To Class: ClassName=CX3_Camera Member=Component FB2 BLM03AX100SN1D
Added Member To Class: ClassName=CX3_Camera Member=Component FB3 BLM03AX100SN1D
Added Member To Class: ClassName=CX3_Camera Member=Component FB4 BLM03AX100SN1D
Added Member To Class: ClassName=CX3_Camera Member=Component FB5 BLM03AX100SN1D
Added Member To Class: ClassName=CX3_Camera Member=Component FB6 BLM03AX100SN1D
Added Member To Class: ClassName=CX3_Camera Member=Component FB7 BLM03AX100SN1D
Added Member To Class: ClassName=CX3_Camera Member=Component L1 100nH, 300mA
Added Member To Class: ClassName=CX3_Camera Member=Component L2 100nH, 300mA
Added Member To Class: ClassName=CX3_Camera Member=Component L3 100nH, 300mA
Added Member To Class: ClassName=CX3_Camera Member=Component L4 100nH, 300mA
Added Member To Class: ClassName=CX3_Camera Member=Component L5 2.2uH, 1.72A
Added Member To Class: ClassName=CX3_Camera Member=Component R1 22E
Added Member To Class: ClassName=CX3_Camera Member=Component R2 0E
Added Member To Class: ClassName=CX3_Camera Member=Component R3 0E
Added Member To Class: ClassName=CX3_Camera Member=Component R4 0E
Added Member To Class: ClassName=CX3_Camera Member=Component R5 10K
Added Member To Class: ClassName=CX3_Camera Member=Component R6 10K
Added Member To Class: ClassName=CX3_Camera Member=Component R7 1M
Added Member To Class: ClassName=CX3_Camera Member=Component R8 10K
Added Member To Class: ClassName=CX3_Camera Member=Component R9 22E
Added Member To Class: ClassName=CX3_Camera Member=Component R10 22E
Added Member To Class: ClassName=CX3_Camera Member=Component R11 22E
Added Member To Class: ClassName=CX3_Camera Member=Component R12 4.7K
Added Member To Class: ClassName=CX3_Camera Member=Component R13 100K 1%
Added Member To Class: ClassName=CX3_Camera Member=Component R14 4.7K
Added Member To Class: ClassName=CX3_Camera Member=Component R15 10K
Added Member To Class: ClassName=CX3_Camera Member=Component R16 3.57K 1%
Added Member To Class: ClassName=CX3_Camera Member=Component R17 1.15K 1%
Added Member To Class: ClassName=CX3_Camera Member=Component R18 10K
Added Member To Class: ClassName=CX3_Camera Member=Component R19 26.1K 1%
Added Member To Class: ClassName=CX3_Camera Member=Component R20 20K 1%
Added Member To Class: ClassName=CX3_Camera Member=Component R21 10K
Added Member To Class: ClassName=CX3_Camera Member=Component R22 3.57K 1%
Added Member To Class: ClassName=CX3_Camera Member=Component R23 1.43K 1%
Added Member To Class: ClassName=CX3_Camera Member=Component R24 10K
Added Member To Class: ClassName=CX3_Camera Member=Component R25 2.49K 1%
Added Member To Class: ClassName=CX3_Camera Member=Component R26 4.99K 1%
Added Member To Class: ClassName=CX3_Camera Member=Component R27 10K
Added Member To Class: ClassName=CX3_Camera Member=Component R28 10K
Added Member To Class: ClassName=CX3_Camera Member=Component R29 10K
Added Member To Class: ClassName=CX3_Camera Member=Component SW1 1101M2S3CQE2
Added Member To Class: ClassName=CX3_Camera Member=Component SW2 SDA03H0SBR
Added Member To Class: ClassName=CX3_Camera Member=Component TS1 RCLAMP0524J.TCT
Added Member To Class: ClassName=CX3_Camera Member=Component TS2 SMAJ5.0A
Added Member To Class: ClassName=CX3_Camera Member=Component TS3 744230900
Added Member To Class: ClassName=CX3_Camera Member=Component TS4 SRF0504-102Y
Added Member To Class: ClassName=CX3_Camera Member=Component U1 CYUSB3065
Added Member To Class: ClassName=CX3_Camera Member=Component U2 NCP361SNT1G
Added Member To Class: ClassName=CX3_Camera Member=Component U3 SN74LVC2G17DBVR
Added Member To Class: ClassName=CX3_Camera Member=Component U4 M25P40-VMN6PB
Added Member To Class: ClassName=CX3_Camera Member=Component U5 TPS74801RGWR
Added Member To Class: ClassName=CX3_Camera Member=Component U6 LT3503EDCB#TRMPB
Added Member To Class: ClassName=CX3_Camera Member=Component U7 TPS74801RGWR
Added Member To Class: ClassName=CX3_Camera Member=Component U8 TPS74801RGWR
Added Member To Class: ClassName=CX3_Camera Member=Component U9 SZEMI2121MTTAG
Added Member To Class: ClassName=CX3_Camera Member=Component U10 SZEMI2121MTTAG
Added Member To Class: ClassName=CX3_Camera Member=Component U11 SZEMI2121MTTAG
Added Member To Class: ClassName=CX3_Camera Member=Component U12 SZEMI2121MTTAG
Added Member To Class: ClassName=CX3_Camera Member=Component Y1 SIT1533AI-H4-DCC-32.768E
Added Member To Class: ClassName=CX3_Camera Member=Component Y2 SG-210STF 19.2000ML
