Removed Pin From Net: NetName=VCC_1V2 Pin=C56-1
Removed Pin From Net: NetName=GND Pin=C56-2
Removed Pin From Net: NetName=GND Pin=CN6-4
Removed Pin From Net: NetName=CX3_GPIO17 Pin=CN6-7
Removed Pin From Net: NetName=VCC_IO Pin=CN6-8
Removed Pin From Net: NetName=CX3_GPIO18 Pin=CN6-9
Removed Pin From Net: NetName=VCC_1V2 Pin=CN6-10
Removed Pin From Net: NetName=MIPI_DAT2_P Pin=U11-1
Removed Pin From Net: NetName=MIPI_DAT2_N Pin=U11-2
Removed Pin From Net: NetName=GND Pin=U11-3
Removed Pin From Net: NetName=GND Pin=U11-4
Removed Pin From Net: NetName=GND Pin=U11-5
Removed Pin From Net: NetName=GND Pin=U11-6
Removed Pin From Net: NetName=MIPI_DAT3_P Pin=U12-1
Removed Pin From Net: NetName=MIPI_DAT3_N Pin=U12-2
Removed Pin From Net: NetName=GND Pin=U12-3
Removed Pin From Net: NetName=GND Pin=U12-4
Removed Pin From Net: NetName=GND Pin=U12-5
Removed Pin From Net: NetName=GND Pin=U12-6
Removed Member From Class: ClassName=CX3_Camera Member=C56
Removed Member From Class: ClassName=CX3_Camera Member=CN6
Removed Member From Class: ClassName=CX3_Camera Member=U11
Removed Member From Class: ClassName=CX3_Camera Member=U12
Added Pin To Net: NetName=VCC_1V2 Pin=U1-J5
