Removed Pin From Net: NetName=VCC_1V2 Pin=C1-1
Removed Pin From Net: NetName=VCC_1V2 Pin=C2-1
Removed Pin From Net: NetName=VCC_1V2 Pin=C3-1
Removed Pin From Net: NetName=VCC_1V2 Pin=C4-1
Removed Pin From Net: NetName=VCC_1V2 Pin=C5-1
Removed Pin From Net: NetName=VCC_1V2 Pin=C6-1
Removed Pin From Net: NetName=VCC_1V2 Pin=C34-1
Removed Pin From Net: NetName=VCC_1V2 Pin=C37-2
Removed Pin From Net: NetName=VCC_1V2 Pin=C38-2
Removed Pin From Net: NetName=VCC_1V2 Pin=C45-2
Removed Pin From Net: NetName=VCC_1V2 Pin=C46-2
Removed Pin From Net: NetName=VCC_1V2 Pin=C53-1
Removed Pin From Net: NetName=VCC_1V2 Pin=C55-1
Removed Pin From Net: NetName=VCC_1V2 Pin=CN3-1
Removed Pin From Net: NetName=VCC_1V2 Pin=CN4-1
Removed Pin From Net: NetName=VCC_1V2 Pin=CN6-8
Removed Pin From Net: NetName=VCC_1V2 Pin=FB3-2
Removed Pin From Net: NetName=VCC_1V2 Pin=FB6-2
Removed Pin From Net: NetName=VCC_1V2 Pin=L1-1
Removed Pin From Net: NetName=VCC_1V2 Pin=R6-1
Removed Pin From Net: NetName=VCC_1V2 Pin=R12-2
Removed Pin From Net: NetName=VCC_1V2 Pin=R13-2
Removed Pin From Net: NetName=VCC_1V2 Pin=R14-2
Removed Pin From Net: NetName=VCC_1V2 Pin=R15-1
Removed Pin From Net: NetName=VCC_1V2 Pin=R16-1
Removed Pin From Net: NetName=VCC_1V2 Pin=R21-1
Removed Pin From Net: NetName=VCC_1V2 Pin=R22-1
Removed Pin From Net: NetName=VCC_1V2 Pin=R27-1
Removed Pin From Net: NetName=VCC_1V2 Pin=R28-1
Removed Pin From Net: NetName=VCC_1V2 Pin=U1-B1
Removed Pin From Net: NetName=VCC_1V2 Pin=U1-E3
Removed Pin From Net: NetName=VCC_1V2 Pin=U1-H11
Removed Pin From Net: NetName=VCC_1V2 Pin=U1-L9
Removed Pin From Net: NetName=VCC_1V2 Pin=U4-8
Removed Pin From Net: NetName=VCC_1V2 Pin=U5-1
Removed Pin From Net: NetName=VCC_1V2 Pin=U5-18
Removed Pin From Net: NetName=VCC_1V2 Pin=U5-19
Removed Pin From Net: NetName=VCC_1V2 Pin=U5-20
Removed Pin From Net: NetName=VCC_1V2 Pin=U7-1
Removed Pin From Net: NetName=VCC_1V2 Pin=U7-18
Removed Pin From Net: NetName=VCC_1V2 Pin=U7-19
Removed Pin From Net: NetName=VCC_1V2 Pin=U7-20
Added Pin To Net: NetName=MIPI_DAT0_P Pin=U1-J5
Added Pin To Net: NetName=VCC_2V8 Pin=C45-2
Added Pin To Net: NetName=VCC_2V8 Pin=C46-2
Added Pin To Net: NetName=VCC_2V8 Pin=C55-1
Added Pin To Net: NetName=VCC_2V8 Pin=FB6-2
Added Pin To Net: NetName=VCC_2V8 Pin=R21-1
Added Pin To Net: NetName=VCC_2V8 Pin=R22-1
Added Pin To Net: NetName=VCC_2V8 Pin=U7-1
Added Pin To Net: NetName=VCC_2V8 Pin=U7-18
Added Pin To Net: NetName=VCC_2V8 Pin=U7-19
Added Pin To Net: NetName=VCC_2V8 Pin=U7-20
Added Net: Name=VCC_2V8
Added Pin To Net: NetName=VCC_3V3FB Pin=C1-1
Added Pin To Net: NetName=VCC_3V3FB Pin=C2-1
Added Pin To Net: NetName=VCC_3V3FB Pin=C3-1
Added Pin To Net: NetName=VCC_3V3FB Pin=C4-1
Added Pin To Net: NetName=VCC_3V3FB Pin=C5-1
Added Pin To Net: NetName=VCC_3V3FB Pin=C6-1
Added Pin To Net: NetName=VCC_3V3FB Pin=C34-1
Added Pin To Net: NetName=VCC_3V3FB Pin=C37-2
Added Pin To Net: NetName=VCC_3V3FB Pin=C38-2
Added Pin To Net: NetName=VCC_3V3FB Pin=C53-1
Added Pin To Net: NetName=VCC_3V3FB Pin=CN4-1
Added Pin To Net: NetName=VCC_3V3FB Pin=CN6-8
Added Pin To Net: NetName=VCC_3V3FB Pin=FB3-2
Added Pin To Net: NetName=VCC_3V3FB Pin=L1-1
Added Pin To Net: NetName=VCC_3V3FB Pin=R6-1
Added Pin To Net: NetName=VCC_3V3FB Pin=R12-2
Added Pin To Net: NetName=VCC_3V3FB Pin=R13-2
Added Pin To Net: NetName=VCC_3V3FB Pin=R14-2
Added Pin To Net: NetName=VCC_3V3FB Pin=R15-1
Added Pin To Net: NetName=VCC_3V3FB Pin=R16-1
Added Pin To Net: NetName=VCC_3V3FB Pin=R27-1
Added Pin To Net: NetName=VCC_3V3FB Pin=R28-1
Added Pin To Net: NetName=VCC_3V3FB Pin=U1-B1
Added Pin To Net: NetName=VCC_3V3FB Pin=U1-E3
Added Pin To Net: NetName=VCC_3V3FB Pin=U1-H11
Added Pin To Net: NetName=VCC_3V3FB Pin=U1-L9
Added Pin To Net: NetName=VCC_3V3FB Pin=U4-8
Added Pin To Net: NetName=VCC_3V3FB Pin=U5-1
Added Pin To Net: NetName=VCC_3V3FB Pin=U5-18
Added Pin To Net: NetName=VCC_3V3FB Pin=U5-19
Added Pin To Net: NetName=VCC_3V3FB Pin=U5-20
Added Net: Name=VCC_3V3FB
Added Pin To Net: NetName=VCC_3V3 Pin=CN3-1
Added Net: Name=VCC_3V3
