Added Component: Designator=C1(1608[0603])
Added Component: Designator=C2(1608[0603])
Added Component: Designator=C3(1608[0603])
Added Component: Designator=C4(1608[0603])
Added Component: Designator=C5(1608[0603])
Added Component: Designator=C6(1608[0603])
Added Component: Designator=C7(1608[0603])
Added Component: Designator=C8(1608[0603])
Added Component: Designator=C9(1608[0603])
Added Component: Designator=C10(1608[0603])
Added Component: Designator=C11(1608[0603])
Added Component: Designator=C12(1608[0603])
Added Component: Designator=C13(1608[0603])
Added Component: Designator=C14(1608[0603])
Added Component: Designator=C15(1608[0603])
Added Component: Designator=C16(1608[0603])
Added Component: Designator=C17(1608[0603])
Added Component: Designator=C18(1608[0603])
Added Component: Designator=C19(1608[0603])
Added Component: Designator=C20(1608[0603])
Added Component: Designator=C21(1608[0603])
Added Component: Designator=C22(1608[0603])
Added Component: Designator=C23(1608[0603])
Added Component: Designator=C24(1608[0603])
Added Component: Designator=C25(1608[0603])
Added Component: Designator=C26(1608[0603])
Added Component: Designator=C27(1608[0603])
Added Component: Designator=C28(1608[0603])
Added Component: Designator=C29(1608[0603])
Added Component: Designator=C30(1608[0603])
Added Component: Designator=C31(1608[0603])
Added Component: Designator=C32(1608[0603])
Added Component: Designator=C33(1608[0603])
Added Component: Designator=C34(1608[0603])
Added Component: Designator=CN1(USB3MicroB)
Added Component: Designator=FB1(0603)
Added Component: Designator=L1(0603)
Added Component: Designator=L2(0603)
Added Component: Designator=L3(0603)
Added Component: Designator=L4(0603)
Added Component: Designator=R1(J1-0603)
Added Component: Designator=R2(J1-0603)
Added Component: Designator=R3(J1-0603)
Added Component: Designator=R4(J1-0603)
Added Component: Designator=R5(J1-0603)
Added Component: Designator=R6(J1-0603)
Added Component: Designator=R7(J1-0603)
Added Component: Designator=R8(J1-0603)
Added Component: Designator=R9(J1-0603)
Added Component: Designator=R10(J1-0603)
Added Component: Designator=R11(J1-0603)
Added Component: Designator=TS1(RCLAMP0524J)
Added Component: Designator=TS2(DO-214AC)
Added Component: Designator=U1(BGA121C80P11X11_1000X1000X170B30N)
Added Component: Designator=U2(SOT-23-5)
Added Component: Designator=U3(SOT-23_A_N)
Added Component: Designator=U4(SO8_M)
Added Pin To Net: NetName=CLK_19.2MHZ_CX3 Pin=R11-1
Added Pin To Net: NetName=CLK_19.2MHZ_CX3 Pin=U1-D7
Added Net: Name=CLK_19.2MHZ_CX3
Added Pin To Net: NetName=CLK_19.2MHZ_MIPI Pin=R10-1
Added Pin To Net: NetName=CLK_19.2MHZ_MIPI Pin=U1-F2
Added Net: Name=CLK_19.2MHZ_MIPI
Added Pin To Net: NetName=CLK_OSC_32K768HZ Pin=U1-D6
Added Net: Name=CLK_OSC_32K768HZ
Added Pin To Net: NetName=CLKM_CX3 Pin=R2-2
Added Net: Name=CLKM_CX3
Added Pin To Net: NetName=CX3_I2C_SCL Pin=U1-D9
Added Net: Name=CX3_I2C_SCL
Added Pin To Net: NetName=CX3_I2C_SDA Pin=U1-D10
Added Net: Name=CX3_I2C_SDA
Added Pin To Net: NetName=CX3_NRST Pin=U1-C5
Added Net: Name=CX3_NRST
Added Pin To Net: NetName=CX3_PMODE0 Pin=U1-G4
Added Net: Name=CX3_PMODE0
Added Pin To Net: NetName=CX3_PMODE1 Pin=U1-H4
Added Net: Name=CX3_PMODE1
Added Pin To Net: NetName=CX3_PMODE2 Pin=U1-L4
Added Net: Name=CX3_PMODE2
Added Pin To Net: NetName=CX3_SPI_MISO Pin=U1-C2
Added Pin To Net: NetName=CX3_SPI_MISO Pin=U4-2
Added Net: Name=CX3_SPI_MISO
Added Pin To Net: NetName=CX3_SPI_MOSI Pin=U1-D5
Added Pin To Net: NetName=CX3_SPI_MOSI Pin=U4-5
Added Net: Name=CX3_SPI_MOSI
Added Pin To Net: NetName=CX3_SPI_SCK Pin=R1-1
Added Pin To Net: NetName=CX3_SPI_SCK Pin=U4-6
Added Net: Name=CX3_SPI_SCK
Added Pin To Net: NetName=CX3_SPI_SSN Pin=U1-C1
Added Pin To Net: NetName=CX3_SPI_SSN Pin=U4-1
Added Net: Name=CX3_SPI_SSN
Added Pin To Net: NetName=GND Pin=C1-2
Added Pin To Net: NetName=GND Pin=C2-2
Added Pin To Net: NetName=GND Pin=C3-2
Added Pin To Net: NetName=GND Pin=C4-2
Added Pin To Net: NetName=GND Pin=C5-2
Added Pin To Net: NetName=GND Pin=C6-2
Added Pin To Net: NetName=GND Pin=C7-1
Added Pin To Net: NetName=GND Pin=C10-2
Added Pin To Net: NetName=GND Pin=C11-1
Added Pin To Net: NetName=GND Pin=C12-2
Added Pin To Net: NetName=GND Pin=C13-1
Added Pin To Net: NetName=GND Pin=C14-2
Added Pin To Net: NetName=GND Pin=C15-1
Added Pin To Net: NetName=GND Pin=C16-1
Added Pin To Net: NetName=GND Pin=C17-1
Added Pin To Net: NetName=GND Pin=C18-1
Added Pin To Net: NetName=GND Pin=C19-1
Added Pin To Net: NetName=GND Pin=C20-1
Added Pin To Net: NetName=GND Pin=C21-1
Added Pin To Net: NetName=GND Pin=C22-1
Added Pin To Net: NetName=GND Pin=C23-1
Added Pin To Net: NetName=GND Pin=C24-1
Added Pin To Net: NetName=GND Pin=C25-1
Added Pin To Net: NetName=GND Pin=C26-1
Added Pin To Net: NetName=GND Pin=C27-1
Added Pin To Net: NetName=GND Pin=C28-2
Added Pin To Net: NetName=GND Pin=C29-1
Added Pin To Net: NetName=GND Pin=C30-2
Added Pin To Net: NetName=GND Pin=C31-2
Added Pin To Net: NetName=GND Pin=C32-1
Added Pin To Net: NetName=GND Pin=C33-1
Added Pin To Net: NetName=GND Pin=C34-2
Added Pin To Net: NetName=GND Pin=CN1-5
Added Pin To Net: NetName=GND Pin=CN1-8
Added Pin To Net: NetName=GND Pin=R5-1
Added Pin To Net: NetName=GND Pin=R7-2
Added Pin To Net: NetName=GND Pin=TS1-9
Added Pin To Net: NetName=GND Pin=TS2-1
Added Pin To Net: NetName=GND Pin=U1-A1
Added Pin To Net: NetName=GND Pin=U1-A8
Added Pin To Net: NetName=GND Pin=U1-B2
Added Pin To Net: NetName=GND Pin=U1-B7
Added Pin To Net: NetName=GND Pin=U1-B8
Added Pin To Net: NetName=GND Pin=U1-B9
Added Pin To Net: NetName=GND Pin=U1-D8
Added Pin To Net: NetName=GND Pin=U1-E2
Added Pin To Net: NetName=GND Pin=U1-E11
Added Pin To Net: NetName=GND Pin=U1-G1
Added Pin To Net: NetName=GND Pin=U1-G11
Added Pin To Net: NetName=GND Pin=U1-K3
Added Pin To Net: NetName=GND Pin=U1-K4
Added Pin To Net: NetName=GND Pin=U1-L1
Added Pin To Net: NetName=GND Pin=U1-L2
Added Pin To Net: NetName=GND Pin=U1-L3
Added Pin To Net: NetName=GND Pin=U1-L6
Added Pin To Net: NetName=GND Pin=U1-L11
Added Pin To Net: NetName=GND Pin=U2-2
Added Pin To Net: NetName=GND Pin=U2-3
Added Pin To Net: NetName=GND Pin=U3-2
Added Pin To Net: NetName=GND Pin=U4-3
Added Pin To Net: NetName=GND Pin=U4-4
Added Net: Name=GND
Added Pin To Net: NetName=JTAG_NTRST Pin=U1-B11
Added Net: Name=JTAG_NTRST
Added Pin To Net: NetName=JTAG_TCK Pin=U1-F6
Added Net: Name=JTAG_TCK
Added Pin To Net: NetName=JTAG_TDI Pin=U1-E7
Added Net: Name=JTAG_TDI
Added Pin To Net: NetName=JTAG_TDO Pin=U1-C10
Added Net: Name=JTAG_TDO
Added Pin To Net: NetName=JTAG_TMS Pin=U1-E8
Added Net: Name=JTAG_TMS
Added Pin To Net: NetName=MIPI_CAM_PWDN Pin=R3-2
Added Net: Name=MIPI_CAM_PWDN
Added Pin To Net: NetName=MIPI_CAM_RST Pin=R4-2
Added Net: Name=MIPI_CAM_RST
Added Pin To Net: NetName=MIPI_CLKN Pin=U1-K7
Added Net: Name=MIPI_CLKN
Added Pin To Net: NetName=MIPI_CLKP Pin=U1-J7
Added Net: Name=MIPI_CLKP
Added Pin To Net: NetName=MIPI_DAT0_N Pin=U1-K5
Added Net: Name=MIPI_DAT0_N
Added Pin To Net: NetName=MIPI_DAT0_P Pin=U1-J5
Added Net: Name=MIPI_DAT0_P
Added Pin To Net: NetName=MIPI_DAT1_N Pin=U1-K6
Added Net: Name=MIPI_DAT1_N
Added Pin To Net: NetName=MIPI_DAT1_P Pin=U1-J6
Added Net: Name=MIPI_DAT1_P
Added Pin To Net: NetName=MIPI_DAT2_N Pin=U1-J9
Added Net: Name=MIPI_DAT2_N
Added Pin To Net: NetName=MIPI_DAT2_P Pin=U1-J8
Added Net: Name=MIPI_DAT2_P
Added Pin To Net: NetName=MIPI_DAT3_N Pin=U1-K8
Added Net: Name=MIPI_DAT3_N
Added Pin To Net: NetName=MIPI_DAT3_P Pin=U1-L8
Added Net: Name=MIPI_DAT3_P
Added Pin To Net: NetName=NetC8_1 Pin=C8-1
Added Pin To Net: NetName=NetC8_1 Pin=U1-A6
Added Net: Name=NetC8_1
Added Pin To Net: NetName=NetC9_1 Pin=C9-1
Added Pin To Net: NetName=NetC9_1 Pin=U1-A5
Added Net: Name=NetC9_1
Added Pin To Net: NetName=NetC31_1 Pin=C31-1
Added Pin To Net: NetName=NetC31_1 Pin=CN1-0
Added Pin To Net: NetName=NetC31_1 Pin=CN1-0
Added Pin To Net: NetName=NetC31_1 Pin=CN1-0
Added Pin To Net: NetName=NetC31_1 Pin=CN1-0
Added Pin To Net: NetName=NetC31_1 Pin=CN1-0
Added Pin To Net: NetName=NetC31_1 Pin=CN1-0
Added Pin To Net: NetName=NetC31_1 Pin=R7-1
Added Net: Name=NetC31_1
Added Pin To Net: NetName=NetCN1_1 Pin=CN1-1
Added Pin To Net: NetName=NetCN1_1 Pin=FB1-1
Added Pin To Net: NetName=NetCN1_1 Pin=TS2-2
Added Net: Name=NetCN1_1
Added Pin To Net: NetName=NetCN1_2 Pin=CN1-2
Added Net: Name=NetCN1_2
Added Pin To Net: NetName=NetCN1_3 Pin=CN1-3
Added Net: Name=NetCN1_3
Added Pin To Net: NetName=NetCN1_6 Pin=CN1-6
Added Pin To Net: NetName=NetCN1_6 Pin=TS1-1
Added Net: Name=NetCN1_6
Added Pin To Net: NetName=NetCN1_7 Pin=CN1-7
Added Pin To Net: NetName=NetCN1_7 Pin=TS1-2
Added Net: Name=NetCN1_7
Added Pin To Net: NetName=NetCN1_9 Pin=CN1-9
Added Pin To Net: NetName=NetCN1_9 Pin=TS1-3
Added Net: Name=NetCN1_9
Added Pin To Net: NetName=NetCN1_10 Pin=CN1-10
Added Pin To Net: NetName=NetCN1_10 Pin=TS1-4
Added Net: Name=NetCN1_10
Added Pin To Net: NetName=NetR1_2 Pin=R1-2
Added Pin To Net: NetName=NetR1_2 Pin=U1-D4
Added Net: Name=NetR1_2
Added Pin To Net: NetName=NetR2_1 Pin=R2-1
Added Pin To Net: NetName=NetR2_1 Pin=U1-G3
Added Net: Name=NetR2_1
Added Pin To Net: NetName=NetR3_1 Pin=R3-1
Added Pin To Net: NetName=NetR3_1 Pin=U1-G2
Added Net: Name=NetR3_1
Added Pin To Net: NetName=NetR4_1 Pin=R4-1
Added Pin To Net: NetName=NetR4_1 Pin=U1-F4
Added Net: Name=NetR4_1
Added Pin To Net: NetName=NetR6_2 Pin=R6-2
Added Pin To Net: NetName=NetR6_2 Pin=U1-F1
Added Net: Name=NetR6_2
Added Pin To Net: NetName=NetR8_1 Pin=R8-1
Added Pin To Net: NetName=NetR8_1 Pin=U2-4
Added Net: Name=NetR8_1
Added Pin To Net: NetName=NetR9_1 Pin=R9-1
Added Net: Name=NetR9_1
Added Pin To Net: NetName=NetR9_2 Pin=R9-2
Added Pin To Net: NetName=NetR9_2 Pin=U3-1
Added Pin To Net: NetName=NetR9_2 Pin=U3-3
Added Net: Name=NetR9_2
Added Pin To Net: NetName=NetR10_2 Pin=R10-2
Added Pin To Net: NetName=NetR10_2 Pin=U3-4
Added Net: Name=NetR10_2
Added Pin To Net: NetName=NetR11_2 Pin=R11-2
Added Pin To Net: NetName=NetR11_2 Pin=U3-6
Added Net: Name=NetR11_2
Added Pin To Net: NetName=NetU1_H11 Pin=U1-H11
Added Pin To Net: NetName=NetU1_H11 Pin=U1-L9
Added Net: Name=NetU1_H11
Added Pin To Net: NetName=NRST_CAM Pin=R5-2
Added Pin To Net: NetName=NRST_CAM Pin=U1-H6
Added Net: Name=NRST_CAM
Added Pin To Net: NetName=USB2_DATA_M Pin=U1-A10
Added Net: Name=USB2_DATA_M
Added Pin To Net: NetName=USB2_DATA_P Pin=U1-A9
Added Net: Name=USB2_DATA_P
Added Pin To Net: NetName=USB_SSRX_M Pin=TS1-6
Added Pin To Net: NetName=USB_SSRX_M Pin=U1-A3
Added Net: Name=USB_SSRX_M
Added Pin To Net: NetName=USB_SSRX_P Pin=TS1-5
Added Pin To Net: NetName=USB_SSRX_P Pin=U1-A4
Added Net: Name=USB_SSRX_P
Added Pin To Net: NetName=USB_SSTX_M Pin=C8-2
Added Pin To Net: NetName=USB_SSTX_M Pin=TS1-8
Added Net: Name=USB_SSTX_M
Added Pin To Net: NetName=USB_SSTX_P Pin=C9-2
Added Pin To Net: NetName=USB_SSTX_P Pin=TS1-7
Added Net: Name=USB_SSTX_P
Added Pin To Net: NetName=VCC1P2_A Pin=C13-2
Added Pin To Net: NetName=VCC1P2_A Pin=C14-1
Added Pin To Net: NetName=VCC1P2_A Pin=L2-2
Added Pin To Net: NetName=VCC1P2_A Pin=U1-A7
Added Net: Name=VCC1P2_A
Added Pin To Net: NetName=VCC1P2_FX3_RX Pin=C29-2
Added Pin To Net: NetName=VCC1P2_FX3_RX Pin=C30-1
Added Pin To Net: NetName=VCC1P2_FX3_RX Pin=L4-2
Added Pin To Net: NetName=VCC1P2_FX3_RX Pin=U1-A2
Added Net: Name=VCC1P2_FX3_RX
Added Pin To Net: NetName=VCC1P2_FX3_TX Pin=C27-2
Added Pin To Net: NetName=VCC1P2_FX3_TX Pin=C28-1
Added Pin To Net: NetName=VCC1P2_FX3_TX Pin=L3-2
Added Pin To Net: NetName=VCC1P2_FX3_TX Pin=U1-B5
Added Net: Name=VCC1P2_FX3_TX
Added Pin To Net: NetName=VCC1P2 Pin=C10-1
Added Pin To Net: NetName=VCC1P2 Pin=C15-2
Added Pin To Net: NetName=VCC1P2 Pin=C16-2
Added Pin To Net: NetName=VCC1P2 Pin=C17-2
Added Pin To Net: NetName=VCC1P2 Pin=C18-2
Added Pin To Net: NetName=VCC1P2 Pin=C19-2
Added Pin To Net: NetName=VCC1P2 Pin=C20-2
Added Pin To Net: NetName=VCC1P2 Pin=C21-2
Added Pin To Net: NetName=VCC1P2 Pin=C22-2
Added Pin To Net: NetName=VCC1P2 Pin=C23-2
Added Pin To Net: NetName=VCC1P2 Pin=C24-2
Added Pin To Net: NetName=VCC1P2 Pin=C25-2
Added Pin To Net: NetName=VCC1P2 Pin=C26-2
Added Pin To Net: NetName=VCC1P2 Pin=L2-1
Added Pin To Net: NetName=VCC1P2 Pin=L3-1
Added Pin To Net: NetName=VCC1P2 Pin=L4-1
Added Pin To Net: NetName=VCC1P2 Pin=U1-B10
Added Pin To Net: NetName=VCC1P2 Pin=U1-C3
Added Pin To Net: NetName=VCC1P2 Pin=U1-E9
Added Pin To Net: NetName=VCC1P2 Pin=U1-F11
Added Pin To Net: NetName=VCC1P2 Pin=U1-H1
Added Pin To Net: NetName=VCC1P2 Pin=U1-J5
Added Pin To Net: NetName=VCC1P2 Pin=U1-L5
Added Pin To Net: NetName=VCC1P2 Pin=U1-L7
Added Net: Name=VCC1P2
Added Pin To Net: NetName=VCC_IO Pin=C1-1
Added Pin To Net: NetName=VCC_IO Pin=C2-1
Added Pin To Net: NetName=VCC_IO Pin=C3-1
Added Pin To Net: NetName=VCC_IO Pin=C4-1
Added Pin To Net: NetName=VCC_IO Pin=C5-1
Added Pin To Net: NetName=VCC_IO Pin=C6-1
Added Pin To Net: NetName=VCC_IO Pin=L1-1
Added Pin To Net: NetName=VCC_IO Pin=R6-1
Added Pin To Net: NetName=VCC_IO Pin=U1-E3
Added Pin To Net: NetName=VCC_IO Pin=U3-5
Added Net: Name=VCC_IO
Added Pin To Net: NetName=VCC_USB_RAW Pin=C32-2
Added Pin To Net: NetName=VCC_USB_RAW Pin=C33-2
Added Pin To Net: NetName=VCC_USB_RAW Pin=FB1-2
Added Pin To Net: NetName=VCC_USB_RAW Pin=R8-2
Added Pin To Net: NetName=VCC_USB_RAW Pin=U2-1
Added Net: Name=VCC_USB_RAW
Added Pin To Net: NetName=VCC_USB Pin=C7-2
Added Pin To Net: NetName=VCC_USB Pin=U1-E10
Added Pin To Net: NetName=VCC_USB Pin=U2-5
Added Net: Name=VCC_USB
Added Pin To Net: NetName=VCC_VIO4 Pin=C34-1
Added Pin To Net: NetName=VCC_VIO4 Pin=U1-B1
Added Pin To Net: NetName=VCC_VIO4 Pin=U4-7
Added Pin To Net: NetName=VCC_VIO4 Pin=U4-8
Added Net: Name=VCC_VIO4
Added Pin To Net: NetName=VCCIO_CLK Pin=C11-2
Added Pin To Net: NetName=VCCIO_CLK Pin=C12-1
Added Pin To Net: NetName=VCCIO_CLK Pin=L1-2
Added Pin To Net: NetName=VCCIO_CLK Pin=U1-B6
Added Net: Name=VCCIO_CLK
Added Class: Name=CX3_Camera
Added Room: Name=CX3_Camera
